<?xml version="1.0" encoding="UTF-8"?>
<!-- Generated by org.testng.reporters.JUnitReportReporter -->
<testsuite hostname="LAPTOP-BQB177O8" failures="0" tests="1" name="testCases.TC_001_AccountRegistration" time="5.851" errors="0" timestamp="2021-06-06T20:20:41 PDT" skipped="0">
  <testcase classname="testCases.TC_001_AccountRegistration" name="test_account_Registration" time="5.851"/>
  <system-out/>
</testsuite> <!-- testCases.TC_001_AccountRegistration -->
