<?xml version="1.0" encoding="UTF-8"?>
<!-- Generated by org.testng.reporters.JUnitReportReporter -->
<testsuite hostname="LAPTOP-BQB177O8" failures="0" tests="1" name="testCases.TC_002_Login" time="4.955" errors="0" timestamp="2021-06-07T20:14:38 PDT" skipped="0">
  <testcase classname="testCases.TC_002_Login" name="test_Login" time="4.955"/>
  <system-out/>
</testsuite> <!-- testCases.TC_002_Login -->
