<?xml version="1.0" encoding="UTF-8"?>
<!-- Generated by org.testng.reporters.JUnitReportReporter -->
<testsuite skipped="0" hostname="LAPTOP-BQB177O8" name="testCases.TC_002_Login" tests="1" failures="0" timestamp="2021-06-07T21:50:56 PDT" time="3.338" errors="0">
  <testcase name="test_Login" time="3.338" classname="testCases.TC_002_Login"/>
  <system-out/>
</testsuite> <!-- testCases.TC_002_Login -->
